Flutter crash report.
Please report a bug at https://github.com/flutter/flutter/issues.

## command

flutter pub get --no-example

## exception

PathExistsException: PathExistsException: Cannot create link, path = 'C:\My Files\Office\Visual Studio Code\Y2S2\ITE 380 - Human Computer Interaction 2\price_compare\windows\flutter\ephemeral\.plugin_symlinks\file_selector_windows' (OS Error: Cannot create a file when that file already exists.
, errno = 183)

```
#0      _Link.throwIfError (dart:io/link.dart:339:7)
#1      _Link.createSync (dart:io/link.dart:267:5)
#2      ForwardingLink.createSync (package:file/src/forwarding/forwarding_link.dart:20:16)
#3      ForwardingLink.createSync (package:file/src/forwarding/forwarding_link.dart:20:16)
#4      _createPlatformPluginSymlinks (package:flutter_tools/src/flutter_plugins.dart:990:12)
#5      createPluginSymlinks (package:flutter_tools/src/flutter_plugins.dart:912:5)
#6      refreshPluginsList (package:flutter_tools/src/flutter_plugins.dart:1027:5)
<asynchronous suspension>
#7      FlutterProject.ensureReadyForPlatformSpecificTooling (package:flutter_tools/src/project.dart:373:5)
<asynchronous suspension>
#8      PackagesGetCommand.runCommand (package:flutter_tools/src/commands/packages.dart:386:7)
<asynchronous suspension>
#9      FlutterCommand.run.<anonymous closure> (package:flutter_tools/src/runner/flutter_command.dart:1450:27)
<asynchronous suspension>
#10     AppContext.run.<anonymous closure> (package:flutter_tools/src/base/context.dart:153:19)
<asynchronous suspension>
#11     CommandRunner.runCommand (package:args/command_runner.dart:212:13)
<asynchronous suspension>
#12     FlutterCommandRunner.runCommand.<anonymous closure> (package:flutter_tools/src/runner/flutter_command_runner.dart:421:9)
<asynchronous suspension>
#13     AppContext.run.<anonymous closure> (package:flutter_tools/src/base/context.dart:153:19)
<asynchronous suspension>
#14     FlutterCommandRunner.runCommand (package:flutter_tools/src/runner/flutter_command_runner.dart:364:5)
<asynchronous suspension>
#15     run.<anonymous closure>.<anonymous closure> (package:flutter_tools/runner.dart:131:9)
<asynchronous suspension>
#16     AppContext.run.<anonymous closure> (package:flutter_tools/src/base/context.dart:153:19)
<asynchronous suspension>
#17     main (package:flutter_tools/executable.dart:94:3)
<asynchronous suspension>
```

## flutter doctor

```
[✓] Flutter (Channel stable, 3.27.3, on Microsoft Windows [Version 10.0.26100.3476], locale en-US)
    • Flutter version 3.27.3 on channel stable at C:\My Files\Applications\Flutter\flutter
    • Upstream repository https://github.com/flutter/flutter.git
    • Framework revision c519ee916e (9 weeks ago), 2025-01-21 10:32:23 -0800
    • Engine revision e672b006cb
    • Dart version 3.6.1
    • DevTools version 2.40.2

[✓] Windows Version (Installed version of Windows is version 10 or higher)

[✗] Android toolchain - develop for Android devices
    ✗ Unable to locate Android SDK.
      Install Android Studio from: https://developer.android.com/studio/index.html
      On first launch it will assist you in installing the Android SDK components.
      (or visit https://flutter.dev/to/windows-android-setup for detailed instructions).
      If the Android SDK has been installed to a custom location, please use
      `flutter config --android-sdk` to update to that location.


[✓] Chrome - develop for the web
    • Chrome at C:\Program Files\Google\Chrome\Application\chrome.exe

[✗] Visual Studio - develop Windows apps
    ✗ Visual Studio not installed; this is necessary to develop Windows apps.
      Download at https://visualstudio.microsoft.com/downloads/.
      Please install the "Desktop development with C++" workload, including all of its default components

[!] Android Studio (not installed)
    • Android Studio not found; download from https://developer.android.com/studio/index.html
      (or visit https://flutter.dev/to/windows-android-setup for detailed instructions).

[✓] Connected device (3 available)
    • Windows (desktop) • windows • windows-x64    • Microsoft Windows [Version 10.0.26100.3476]
    • Chrome (web)      • chrome  • web-javascript • Google Chrome 134.0.6998.119
    • Edge (web)        • edge    • web-javascript • Microsoft Edge 134.0.3124.72

[✓] Network resources
    • All expected network resources are available.

! Doctor found issues in 3 categories.
```
